# JRE version: OpenJDK Runtime Environment Temurin-21.0.12.1+1 (21.0.12.1+1) (build 21.0.12.1+1-LTS)
# Java VM: OpenJDK 64-Bit Server VM Temurin-21.0.12.1+1 (21.0.12.1+1-LTS, mixed mode, sharing, tiered, compressed oops, compressed class ptrs, parallel gc, windows-amd64)
GC Precious Log:
 CardTable entry size: 512
 CPUs: 4 total, 4 available
 Memory: 3790M
 Large Page Support: Disabled
 NUMA Support: Disabled
 Compressed Oops: Enabled (32-bit)
 Alignments: Space 512K, Generation 512K, Heap 2M
 Heap Min Capacity: 100M
 Heap Initial Capacity: 100M
 Heap Max Capacity: 2G
 Pre-touch: Disabled
 Parallel Workers: 4
Heap:
 PSYoungGen      total 20992K, used 7809K [0x00000000d5580000, 0x00000000d7080000, 0x0000000100000000)
  eden space 19456K, 34% used [0x00000000d5580000,0x00000000d5c0a9a0,0x00000000d6880000)
  from space 1536K, 72% used [0x00000000d6f00000,0x00000000d7015a68,0x00000000d7080000)
  to   space 1536K, 0% used [0x00000000d6d80000,0x00000000d6d80000,0x00000000d6f00000)
 ParOldGen       total 68608K, used 35653K [0x0000000080000000, 0x0000000084300000, 0x00000000d5580000)
  object space 68608K, 51% used [0x0000000080000000,0x00000000822d1690,0x0000000084300000)
 Metaspace       used 55703K, committed 56896K, reserved 1114112K
  class space    used 6197K, committed 6720K, reserved 1048576K
GC Heap History (20 events):
Event: 21.020 GC heap before
{Heap before GC invocations=23 (full 2):
 PSYoungGen      total 22016K, used 22000K [0x00000000d5580000, 0x00000000d7000000, 0x0000000100000000)
  eden space 20992K, 100% used [0x00000000d5580000,0x00000000d6a00000,0x00000000d6a00000)
  from space 1024K, 98% used [0x00000000d6c80000,0x00000000d6d7c068,0x00000000d6d80000)
  to   space 2560K, 0% used [0x00000000d6a00000,0x00000000d6a00000,0x00000000d6c80000)
 ParOldGen       total 68608K, used 22118K [0x0000000080000000, 0x0000000084300000, 0x00000000d5580000)
  object space 68608K, 32% used [0x0000000080000000,0x0000000081599b58,0x0000000084300000)
 Metaspace       used 48617K, committed 49728K, reserved 1114112K
  class space    used 5357K, committed 5824K, reserved 1048576K
}
Event: 21.024 GC heap after
{Heap after GC invocations=23 (full 2):
 PSYoungGen      total 23552K, used 2560K [0x00000000d5580000, 0x00000000d7200000, 0x0000000100000000)
  eden space 20992K, 0% used [0x00000000d5580000,0x00000000d5580000,0x00000000d6a00000)
  from space 2560K, 100% used [0x00000000d6a00000,0x00000000d6c80000,0x00000000d6c80000)
  to   space 4096K, 0% used [0x00000000d6e00000,0x00000000d6e00000,0x00000000d7200000)
 ParOldGen       total 68608K, used 23095K [0x0000000080000000, 0x0000000084300000, 0x00000000d5580000)
  object space 68608K, 33% used [0x0000000080000000,0x000000008168dc00,0x0000000084300000)
 Metaspace       used 48617K, committed 49728K, reserved 1114112K
  class space    used 5357K, committed 5824K, reserved 1048576K
}
Event: 21.687 GC heap before
{Heap before GC invocations=24 (full 2):
 PSYoungGen      total 23552K, used 23552K [0x00000000d5580000, 0x00000000d7200000, 0x0000000100000000)
  eden space 20992K, 100% used [0x00000000d5580000,0x00000000d6a00000,0x00000000d6a00000)
  from space 2560K, 100% used [0x00000000d6a00000,0x00000000d6c80000,0x00000000d6c80000)
  to   space 4096K, 0% used [0x00000000d6e00000,0x00000000d6e00000,0x00000000d7200000)
 ParOldGen       total 68608K, used 23095K [0x0000000080000000, 0x0000000084300000, 0x00000000d5580000)
  object space 68608K, 33% used [0x0000000080000000,0x000000008168dc00,0x0000000084300000)
 Metaspace       used 50058K, committed 51200K, reserved 1114112K
  class space    used 5498K, committed 5952K, reserved 1048576K
}
Event: 21.694 GC heap after
{Heap after GC invocations=24 (full 2):
 PSYoungGen      total 23040K, used 1997K [0x00000000d5580000, 0x00000000d7000000, 0x0000000100000000)
  eden space 20992K, 0% used [0x00000000d5580000,0x00000000d5580000,0x00000000d6a00000)
  from space 2048K, 97% used [0x00000000d6e00000,0x00000000d6ff3670,0x00000000d7000000)
  to   space 2560K, 0% used [0x00000000d6b00000,0x00000000d6b00000,0x00000000d6d80000)
 ParOldGen       total 68608K, used 25531K [0x0000000080000000, 0x0000000084300000, 0x00000000d5580000)
  object space 68608K, 37% used [0x0000000080000000,0x00000000818eecb8,0x0000000084300000)
 Metaspace       used 50058K, committed 51200K, reserved 1114112K
  class space    used 5498K, committed 5952K, reserved 1048576K
}
Event: 21.795 GC heap before
{Heap before GC invocations=25 (full 2):
 PSYoungGen      total 23040K, used 22989K [0x00000000d5580000, 0x00000000d7000000, 0x0000000100000000)
  eden space 20992K, 100% used [0x00000000d5580000,0x00000000d6a00000,0x00000000d6a00000)
  from space 2048K, 97% used [0x00000000d6e00000,0x00000000d6ff3670,0x00000000d7000000)
  to   space 2560K, 0% used [0x00000000d6b00000,0x00000000d6b00000,0x00000000d6d80000)
 ParOldGen       total 68608K, used 25531K [0x0000000080000000, 0x0000000084300000, 0x00000000d5580000)
  object space 68608K, 37% used [0x0000000080000000,0x00000000818eecb8,0x0000000084300000)
 Metaspace       used 50131K, committed 51200K, reserved 1114112K
  class space    used 5507K, committed 5952K, reserved 1048576K
}
Event: 21.799 GC heap after
{Heap after GC invocations=25 (full 2):
 PSYoungGen      total 21504K, used 448K [0x00000000d5580000, 0x00000000d6e80000, 0x0000000100000000)
  eden space 20992K, 0% used [0x00000000d5580000,0x00000000d5580000,0x00000000d6a00000)
  from space 512K, 87% used [0x00000000d6b00000,0x00000000d6b70000,0x00000000d6b80000)
  to   space 1536K, 0% used [0x00000000d6d00000,0x00000000d6d00000,0x00000000d6e80000)
 ParOldGen       total 68608K, used 27000K [0x0000000080000000, 0x0000000084300000, 0x00000000d5580000)
  object space 68608K, 39% used [0x0000000080000000,0x0000000081a5e060,0x0000000084300000)
 Metaspace       used 50131K, committed 51200K, reserved 1114112K
  class space    used 5507K, committed 5952K, reserved 1048576K
}
Event: 21.896 GC heap before
{Heap before GC invocations=26 (full 2):
 PSYoungGen      total 21504K, used 21440K [0x00000000d5580000, 0x00000000d6e80000, 0x0000000100000000)
  eden space 20992K, 100% used [0x00000000d5580000,0x00000000d6a00000,0x00000000d6a00000)
  from space 512K, 87% used [0x00000000d6b00000,0x00000000d6b70000,0x00000000d6b80000)
  to   space 1536K, 0% used [0x00000000d6d00000,0x00000000d6d00000,0x00000000d6e80000)
 ParOldGen       total 68608K, used 27000K [0x0000000080000000, 0x0000000084300000, 0x00000000d5580000)
  object space 68608K, 39% used [0x0000000080000000,0x0000000081a5e060,0x0000000084300000)
 Metaspace       used 50179K, committed 51264K, reserved 1114112K
  class space    used 5508K, committed 5952K, reserved 1048576K
}
Event: 21.899 GC heap after
{Heap after GC invocations=26 (full 2):
 PSYoungGen      total 20992K, used 1536K [0x00000000d5580000, 0x00000000d7300000, 0x0000000100000000)
  eden space 19456K, 0% used [0x00000000d5580000,0x00000000d5580000,0x00000000d6880000)
  from space 1536K, 100% used [0x00000000d6d00000,0x00000000d6e80000,0x00000000d6e80000)
  to   space 4608K, 0% used [0x00000000d6880000,0x00000000d6880000,0x00000000d6d00000)
 ParOldGen       total 68608K, used 29252K [0x0000000080000000, 0x0000000084300000, 0x00000000d5580000)
  object space 68608K, 42% used [0x0000000080000000,0x0000000081c91348,0x0000000084300000)
 Metaspace       used 50179K, committed 51264K, reserved 1114112K
  class space    used 5508K, committed 5952K, reserved 1048576K
}
Event: 21.929 GC heap before
{Heap before GC invocations=27 (full 2):
 PSYoungGen      total 20992K, used 20992K [0x00000000d5580000, 0x00000000d7300000, 0x0000000100000000)
  eden space 19456K, 100% used [0x00000000d5580000,0x00000000d6880000,0x00000000d6880000)
  from space 1536K, 100% used [0x00000000d6d00000,0x00000000d6e80000,0x00000000d6e80000)
  to   space 4608K, 0% used [0x00000000d6880000,0x00000000d6880000,0x00000000d6d00000)
 ParOldGen       total 68608K, used 29252K [0x0000000080000000, 0x0000000084300000, 0x00000000d5580000)
  object space 68608K, 42% used [0x0000000080000000,0x0000000081c91348,0x0000000084300000)
 Metaspace       used 50179K, committed 51264K, reserved 1114112K
  class space    used 5508K, committed 5952K, reserved 1048576K
}
Event: 21.935 GC heap after
{Heap after GC invocations=27 (full 2):
 PSYoungGen      total 24064K, used 4608K [0x00000000d5580000, 0x00000000d7880000, 0x0000000100000000)
  eden space 19456K, 0% used [0x00000000d5580000,0x00000000d5580000,0x00000000d6880000)
  from space 4608K, 100% used [0x00000000d6880000,0x00000000d6d00000,0x00000000d6d00000)
  to   space 8192K, 0% used [0x00000000d7080000,0x00000000d7080000,0x00000000d7880000)
 ParOldGen       total 68608K, used 32037K [0x0000000080000000, 0x0000000084300000, 0x00000000d5580000)
  object space 68608K, 46% used [0x0000000080000000,0x0000000081f49630,0x0000000084300000)
 Metaspace       used 50179K, committed 51264K, reserved 1114112K
  class space    used 5508K, committed 5952K, reserved 1048576K
}
Event: 21.994 GC heap before
{Heap before GC invocations=28 (full 2):
 PSYoungGen      total 24064K, used 24064K [0x00000000d5580000, 0x00000000d7880000, 0x0000000100000000)
  eden space 19456K, 100% used [0x00000000d5580000,0x00000000d6880000,0x00000000d6880000)
  from space 4608K, 100% used [0x00000000d6880000,0x00000000d6d00000,0x00000000d6d00000)
  to   space 8192K, 0% used [0x00000000d7080000,0x00000000d7080000,0x00000000d7880000)
 ParOldGen       total 68608K, used 32037K [0x0000000080000000, 0x0000000084300000, 0x00000000d5580000)
  object space 68608K, 46% used [0x0000000080000000,0x0000000081f49630,0x0000000084300000)
 Metaspace       used 50186K, committed 51264K, reserved 1114112K
  class space    used 5508K, committed 5952K, reserved 1048576K
}
Event: 21.997 GC heap after
{Heap after GC invocations=28 (full 2):
 PSYoungGen      total 20992K, used 1344K [0x00000000d5580000, 0x00000000d7200000, 0x0000000100000000)
  eden space 19456K, 0% used [0x00000000d5580000,0x00000000d5580000,0x00000000d6880000)
  from space 1536K, 87% used [0x00000000d7080000,0x00000000d71d0000,0x00000000d7200000)
  to   space 3584K, 0% used [0x00000000d6b00000,0x00000000d6b00000,0x00000000d6e80000)
 ParOldGen       total 68608K, used 32437K [0x0000000080000000, 0x0000000084300000, 0x00000000d5580000)
  object space 68608K, 47% used [0x0000000080000000,0x0000000081fad690,0x0000000084300000)
 Metaspace       used 50186K, committed 51264K, reserved 1114112K
  class space    used 5508K, committed 5952K, reserved 1048576K
}
Event: 22.115 GC heap before
{Heap before GC invocations=29 (full 2):
 PSYoungGen      total 20992K, used 20800K [0x00000000d5580000, 0x00000000d7200000, 0x0000000100000000)
  eden space 19456K, 100% used [0x00000000d5580000,0x00000000d6880000,0x00000000d6880000)
  from space 1536K, 87% used [0x00000000d7080000,0x00000000d71d0000,0x00000000d7200000)
  to   space 3584K, 0% used [0x00000000d6b00000,0x00000000d6b00000,0x00000000d6e80000)
 ParOldGen       total 68608K, used 32437K [0x0000000080000000, 0x0000000084300000, 0x00000000d5580000)
  object space 68608K, 47% used [0x0000000080000000,0x0000000081fad690,0x0000000084300000)
 Metaspace       used 50331K, committed 51392K, reserved 1114112K
  class space    used 5522K, committed 5952K, reserved 1048576K
}
Event: 22.117 GC heap after
{Heap after GC invocations=29 (full 2):
 PSYoungGen      total 23040K, used 160K [0x00000000d5580000, 0x00000000d7100000, 0x0000000100000000)
  eden space 19456K, 0% used [0x00000000d5580000,0x00000000d5580000,0x00000000d6880000)
  from space 3584K, 4% used [0x00000000d6b00000,0x00000000d6b28000,0x00000000d6e80000)
  to   space 1024K, 0% used [0x00000000d7000000,0x00000000d7000000,0x00000000d7100000)
 ParOldGen       total 68608K, used 32941K [0x0000000080000000, 0x0000000084300000, 0x00000000d5580000)
  object space 68608K, 48% used [0x0000000080000000,0x000000008202b690,0x0000000084300000)
 Metaspace       used 50331K, committed 51392K, reserved 1114112K
  class space    used 5522K, committed 5952K, reserved 1048576K
}
Event: 23.391 GC heap before
{Heap before GC invocations=30 (full 2):
 PSYoungGen      total 23040K, used 19616K [0x00000000d5580000, 0x00000000d7100000, 0x0000000100000000)
  eden space 19456K, 100% used [0x00000000d5580000,0x00000000d6880000,0x00000000d6880000)
  from space 3584K, 4% used [0x00000000d6b00000,0x00000000d6b28000,0x00000000d6e80000)
  to   space 1024K, 0% used [0x00000000d7000000,0x00000000d7000000,0x00000000d7100000)
 ParOldGen       total 68608K, used 32941K [0x0000000080000000, 0x0000000084300000, 0x00000000d5580000)
  object space 68608K, 48% used [0x0000000080000000,0x000000008202b690,0x0000000084300000)
 Metaspace       used 52895K, committed 54080K, reserved 1114112K
  class space    used 5823K, committed 6336K, reserved 1048576K
}
Event: 23.394 GC heap after
{Heap after GC invocations=30 (full 2):
 PSYoungGen      total 20480K, used 1015K [0x00000000d5580000, 0x00000000d7100000, 0x0000000100000000)
  eden space 19456K, 0% used [0x00000000d5580000,0x00000000d5580000,0x00000000d6880000)
  from space 1024K, 99% used [0x00000000d7000000,0x00000000d70fdd20,0x00000000d7100000)
  to   space 2048K, 0% used [0x00000000d6d00000,0x00000000d6d00000,0x00000000d6f00000)
 ParOldGen       total 68608K, used 33496K [0x0000000080000000, 0x0000000084300000, 0x00000000d5580000)
  object space 68608K, 48% used [0x0000000080000000,0x00000000820b6048,0x0000000084300000)
 Metaspace       used 52895K, committed 54080K, reserved 1114112K
  class space    used 5823K, committed 6336K, reserved 1048576K
}
Event: 24.239 GC heap before
{Heap before GC invocations=31 (full 2):
 PSYoungGen      total 20480K, used 20471K [0x00000000d5580000, 0x00000000d7100000, 0x0000000100000000)
  eden space 19456K, 100% used [0x00000000d5580000,0x00000000d6880000,0x00000000d6880000)
  from space 1024K, 99% used [0x00000000d7000000,0x00000000d70fdd20,0x00000000d7100000)
  to   space 2048K, 0% used [0x00000000d6d00000,0x00000000d6d00000,0x00000000d6f00000)
 ParOldGen       total 68608K, used 33496K [0x0000000080000000, 0x0000000084300000, 0x00000000d5580000)
  object space 68608K, 48% used [0x0000000080000000,0x00000000820b6048,0x0000000084300000)
 Metaspace       used 55073K, committed 56320K, reserved 1114112K
  class space    used 6128K, committed 6656K, reserved 1048576K
}
Event: 24.245 GC heap after
{Heap after GC invocations=31 (full 2):
 PSYoungGen      total 21504K, used 1440K [0x00000000d5580000, 0x00000000d7080000, 0x0000000100000000)
  eden space 19456K, 0% used [0x00000000d5580000,0x00000000d5580000,0x00000000d6880000)
  from space 2048K, 70% used [0x00000000d6d00000,0x00000000d6e68020,0x00000000d6f00000)
  to   space 1536K, 0% used [0x00000000d6f00000,0x00000000d6f00000,0x00000000d7080000)
 ParOldGen       total 68608K, used 34375K [0x0000000080000000, 0x0000000084300000, 0x00000000d5580000)
  object space 68608K, 50% used [0x0000000080000000,0x0000000082191c88,0x0000000084300000)
 Metaspace       used 55073K, committed 56320K, reserved 1114112K
  class space    used 6128K, committed 6656K, reserved 1048576K
}
Event: 28.738 GC heap before
{Heap before GC invocations=32 (full 2):
 PSYoungGen      total 21504K, used 20896K [0x00000000d5580000, 0x00000000d7080000, 0x0000000100000000)
  eden space 19456K, 100% used [0x00000000d5580000,0x00000000d6880000,0x00000000d6880000)
  from space 2048K, 70% used [0x00000000d6d00000,0x00000000d6e68020,0x00000000d6f00000)
  to   space 1536K, 0% used [0x00000000d6f00000,0x00000000d6f00000,0x00000000d7080000)
 ParOldGen       total 68608K, used 34375K [0x0000000080000000, 0x0000000084300000, 0x00000000d5580000)
  object space 68608K, 50% used [0x0000000080000000,0x0000000082191c88,0x0000000084300000)
 Metaspace       used 55402K, committed 56576K, reserved 1114112K
  class space    used 6163K, committed 6656K, reserved 1048576K
}
Event: 28.740 GC heap after
{Heap after GC invocations=32 (full 2):
 PSYoungGen      total 20992K, used 1110K [0x00000000d5580000, 0x00000000d7080000, 0x0000000100000000)
  eden space 19456K, 0% used [0x00000000d5580000,0x00000000d5580000,0x00000000d6880000)
  from space 1536K, 72% used [0x00000000d6f00000,0x00000000d7015a68,0x00000000d7080000)
  to   space 1536K, 0% used [0x00000000d6d80000,0x00000000d6d80000,0x00000000d6f00000)
 ParOldGen       total 68608K, used 35653K [0x0000000080000000, 0x0000000084300000, 0x00000000d5580000)
  object space 68608K, 51% used [0x0000000080000000,0x00000000822d1690,0x0000000084300000)
 Metaspace       used 55402K, committed 56576K, reserved 1114112K
  class space    used 6163K, committed 6656K, reserved 1048576K
}

